lib_smsmms_android/build/intermediates/manifest_merge_blame_file/release/processReleaseManifest/manifest-merger-blame-release-report.txt
1<?xml version="1.0" encoding="utf-8"?>
2<manifest xmlns:android="http://schemas.android.com/apk/res/android"
3    package="com.afkanerd.lib_smsmms_android" >
4
5    <uses-sdk android:minSdkVersion="24" />
6
7    <application
7-->src/main/AndroidManifest.xml:4:5-78:19
8        android:label="@string/app_name"
8-->src/main/AndroidManifest.xml:5:9-41
9        android:localeConfig="@xml/locales_config" >
9-->src/main/AndroidManifest.xml:6:9-51
10        <service android:name="com.android.mms.transaction.TransactionService" />
10-->src/main/AndroidManifest.xml:8:9-81
10-->src/main/AndroidManifest.xml:8:18-79
11
12        <receiver
12-->src/main/AndroidManifest.xml:10:9-22:20
13            android:name="com.afkanerd.smswithoutborders_libsmsmms.receivers.SmsTextReceivedReceiver"
13-->src/main/AndroidManifest.xml:11:13-102
14            android:exported="true"
14-->src/main/AndroidManifest.xml:12:13-36
15            android:permission="android.permission.BROADCAST_SMS" >
15-->src/main/AndroidManifest.xml:13:13-66
16            <intent-filter>
16-->src/main/AndroidManifest.xml:14:13-21:29
17                <action android:name="android.provider.Telephony.SMS_RECEIVED" />
17-->src/main/AndroidManifest.xml:15:17-82
17-->src/main/AndroidManifest.xml:15:25-79
18                <action android:name="android.provider.Telephony.SMS_DELIVER" />
18-->src/main/AndroidManifest.xml:16:17-81
18-->src/main/AndroidManifest.xml:16:25-78
19                <action android:name="com.afkanerd.deku.SMS_DELIVERED_BROADCAST_INTENT" />
19-->src/main/AndroidManifest.xml:17:17-91
19-->src/main/AndroidManifest.xml:17:25-88
20                <action android:name="com.afkanerd.deku.SMS_SENT_BROADCAST_INTENT" />
20-->src/main/AndroidManifest.xml:18:17-86
20-->src/main/AndroidManifest.xml:18:25-83
21                <action android:name="com.afkanerd.deku.DATA_SENT_BROADCAST_INTENT" />
21-->src/main/AndroidManifest.xml:19:17-87
21-->src/main/AndroidManifest.xml:19:25-84
22                <action android:name="com.afkanerd.deku.DATA_DELIVERED_BROADCAST_INTENT" />
22-->src/main/AndroidManifest.xml:20:17-92
22-->src/main/AndroidManifest.xml:20:25-89
23            </intent-filter>
24        </receiver>
25        <receiver
25-->src/main/AndroidManifest.xml:24:9-34:20
26            android:name="com.afkanerd.smswithoutborders_libsmsmms.receivers.MmsReceiverBroadcastReceiver"
26-->src/main/AndroidManifest.xml:25:13-107
27            android:exported="true"
27-->src/main/AndroidManifest.xml:26:13-36
28            android:permission="android.permission.BROADCAST_WAP_PUSH" >
28-->src/main/AndroidManifest.xml:27:13-71
29            <intent-filter>
29-->src/main/AndroidManifest.xml:28:13-33:29
30                <action android:name="android.provider.Telephony.WAP_PUSH_DELIVER" />
30-->src/main/AndroidManifest.xml:29:17-86
30-->src/main/AndroidManifest.xml:29:25-83
31
32                <data android:mimeType="application/vnd.wap.mms-message" />
32-->src/main/AndroidManifest.xml:31:17-76
32-->src/main/AndroidManifest.xml:31:23-73
33                <data android:mimeType="application/vnd.wap.sic" />
33-->src/main/AndroidManifest.xml:31:17-76
33-->src/main/AndroidManifest.xml:31:23-73
34            </intent-filter>
35        </receiver> <!-- Activity that allows the user to send new SMS/MMS messages -->
36
37        <receiver
37-->src/main/AndroidManifest.xml:36:9-47:20
38            android:name="com.afkanerd.smswithoutborders_libsmsmms.receivers.SmsDataReceivedReceiver"
38-->src/main/AndroidManifest.xml:37:13-102
39            android:exported="true"
39-->src/main/AndroidManifest.xml:38:13-36
40            android:permission="android.permission.BROADCAST_SMS" >
40-->src/main/AndroidManifest.xml:39:13-66
41            <intent-filter>
41-->src/main/AndroidManifest.xml:40:13-46:29
42                <action android:name="android.intent.action.DATA_SMS_RECEIVED" />
42-->src/main/AndroidManifest.xml:41:17-82
42-->src/main/AndroidManifest.xml:41:25-79
43
44                <data android:scheme="sms" />
44-->src/main/AndroidManifest.xml:31:17-76
44-->src/main/AndroidManifest.xml:43:23-43
45                <data android:host="localhost" />
45-->src/main/AndroidManifest.xml:31:17-76
45-->src/main/AndroidManifest.xml:44:23-47
46                <!-- <data android:port="8200" /> -->
47            </intent-filter>
48        </receiver>
49        <receiver
49-->src/main/AndroidManifest.xml:49:9-51:77
50            android:name="com.afkanerd.smswithoutborders_libsmsmms.receivers.MmsSentReceiverImpl"
50-->src/main/AndroidManifest.xml:50:13-98
51            android:taskAffinity="com.klinker.android.messaging.MMS_SENT" />
51-->src/main/AndroidManifest.xml:51:13-74
52        <receiver
52-->src/main/AndroidManifest.xml:53:9-56:81
53            android:name="com.afkanerd.smswithoutborders_libsmsmms.receivers.MmsReceivedReceiverImpl"
53-->src/main/AndroidManifest.xml:54:13-102
54            android:exported="true"
54-->src/main/AndroidManifest.xml:55:13-36
55            android:taskAffinity="com.klinker.android.messaging.MMS_RECEIVED" />
55-->src/main/AndroidManifest.xml:56:13-78
56
57        <!-- Notification actions -->
58        <receiver
58-->src/main/AndroidManifest.xml:60:9-68:20
59            android:name="com.afkanerd.smswithoutborders_libsmsmms.receivers.SmsMmsActionsImpl"
59-->src/main/AndroidManifest.xml:61:13-96
60            android:enabled="true"
60-->src/main/AndroidManifest.xml:62:13-35
61            android:exported="false" >
61-->src/main/AndroidManifest.xml:63:13-37
62            <intent-filter>
62-->src/main/AndroidManifest.xml:64:13-67:29
63                <action android:name="com.afkanerd.deku.REPLY_BROADCAST_ACTION" />
63-->src/main/AndroidManifest.xml:65:17-83
63-->src/main/AndroidManifest.xml:65:25-80
64                <action android:name="com.afkanerd.deku.MARK_AS_READ_BROADCAST_ACTION" />
64-->src/main/AndroidManifest.xml:66:17-90
64-->src/main/AndroidManifest.xml:66:25-87
65            </intent-filter>
66        </receiver>
67        <receiver
67-->src/main/AndroidManifest.xml:70:9-72:40
68            android:name="com.afkanerd.smswithoutborders_libsmsmms.extensions.context.NotificationsDelImpl"
68-->src/main/AndroidManifest.xml:71:13-108
69            android:exported="false" />
69-->src/main/AndroidManifest.xml:72:13-37
70        <receiver
70-->src/main/AndroidManifest.xml:74:9-76:38
71            android:name="com.afkanerd.smswithoutborders_libsmsmms.receivers.MmsReceivedReceiverImplTest"
71-->src/main/AndroidManifest.xml:75:13-106
72            android:exported="true" />
72-->src/main/AndroidManifest.xml:76:13-36
73    </application>
74
75</manifest>